{"C:\\Users\\Palacios\\OneDrive\\Escritorio\\grupoc.github.io-main\\portafolio-grupoc\\src\\passwordValidator.js": {"path":"C:\\Users\\Palacios\\OneDrive\\Escritorio\\grupoc.github.io-main\\portafolio-grupoc\\src\\passwordValidator.js","statementMap":{"0":{"start":{"line":4,"column":4},"end":{"line":4,"column":32}},"1":{"start":{"line":4,"column":19},"end":{"line":4,"column":32}},"2":{"start":{"line":5,"column":4},"end":{"line":5,"column":42}},"3":{"start":{"line":5,"column":29},"end":{"line":5,"column":42}},"4":{"start":{"line":6,"column":4},"end":{"line":6,"column":46}},"5":{"start":{"line":6,"column":33},"end":{"line":6,"column":46}},"6":{"start":{"line":7,"column":4},"end":{"line":7,"column":46}},"7":{"start":{"line":7,"column":33},"end":{"line":7,"column":46}},"8":{"start":{"line":8,"column":4},"end":{"line":8,"column":16}},"9":{"start":{"line":11,"column":0},"end":{"line":11,"column":38}}},"fnMap":{"0":{"name":"validatePassword","decl":{"start":{"line":3,"column":9},"end":{"line":3,"column":25}},"loc":{"start":{"line":3,"column":36},"end":{"line":9,"column":1}},"line":3}},"branchMap":{"0":{"loc":{"start":{"line":4,"column":4},"end":{"line":4,"column":32}},"type":"if","locations":[{"start":{"line":4,"column":4},"end":{"line":4,"column":32}},{"start":{},"end":{}}],"line":4},"1":{"loc":{"start":{"line":5,"column":4},"end":{"line":5,"column":42}},"type":"if","locations":[{"start":{"line":5,"column":4},"end":{"line":5,"column":42}},{"start":{},"end":{}}],"line":5},"2":{"loc":{"start":{"line":6,"column":4},"end":{"line":6,"column":46}},"type":"if","locations":[{"start":{"line":6,"column":4},"end":{"line":6,"column":46}},{"start":{},"end":{}}],"line":6},"3":{"loc":{"start":{"line":7,"column":4},"end":{"line":7,"column":46}},"type":"if","locations":[{"start":{"line":7,"column":4},"end":{"line":7,"column":46}},{"start":{},"end":{}}],"line":7}},"s":{"0":7,"1":1,"2":6,"3":1,"4":5,"5":1,"6":4,"7":1,"8":3,"9":1},"f":{"0":7},"b":{"0":[1,6],"1":[1,5],"2":[1,4],"3":[1,3]},"_coverageSchema":"1a1c01bbd47fc00a2c39e90264f33305004495a9","hash":"fa986cd0af62dac7dd7285e37e139d4ee480ef41"}
}
